Using pre-set license
Built from '2020.3/staging' branch; Version is '2020.3.0f1 (c7b5465681fb) revision 13088070'; Using compiler version '192528614'; Build Type 'Release'
OS: 'Windows 10 Pro; OS build 19042.928; Version 2009; 64bit' Language: 'es' Physical Memory: 16300 MB
BatchMode: 1, IsHumanControllingUs: 0, StartBugReporterOnCrash: 0, Is64bit: 1, IsPro: 0

 COMMAND LINE ARGUMENTS:
C:\Program Files\Unity\Hub\Editor\2020.3.0f1\Editor\Unity.exe
-adb2
-batchMode
-noUpm
-name
AssetImportWorker0
-projectPath
C:/Users/nofre/Desktop/Unity/Windows/rubik-unity/rubik v3
-logFile
Logs/AssetImportWorker0.log
-srvPort
62535
Successfully changed project path to: C:/Users/nofre/Desktop/Unity/Windows/rubik-unity/rubik v3
C:/Users/nofre/Desktop/Unity/Windows/rubik-unity/rubik v3
Using Asset Import Pipeline V2.
Refreshing native plugins compatible for Editor in 27.43 ms, found 1 plugins.
Preloading 0 native plugins for Editor in 0.00 ms.
Initialize engine version: 2020.3.0f1 (c7b5465681fb)
[Subsystems] Discovering subsystems at path C:/Program Files/Unity/Hub/Editor/2020.3.0f1/Editor/Data/Resources/UnitySubsystems
[Subsystems] Discovering subsystems at path C:/Users/nofre/Desktop/Unity/Windows/rubik-unity/rubik v3/Assets
GfxDevice: creating device client; threaded=0
Direct3D:
    Version:  Direct3D 11.0 [level 11.1]
    Renderer: NVIDIA GeForce GTX 1660 SUPER (ID=0x21c4)
    Vendor:   
    VRAM:     5991 MB
    Driver:   27.21.14.5730
Initialize mono
Mono path[0] = 'C:/Program Files/Unity/Hub/Editor/2020.3.0f1/Editor/Data/Managed'
Mono path[1] = 'C:/Program Files/Unity/Hub/Editor/2020.3.0f1/Editor/Data/MonoBleedingEdge/lib/mono/unityjit'
Mono config path = 'C:/Program Files/Unity/Hub/Editor/2020.3.0f1/Editor/Data/MonoBleedingEdge/etc'
Using monoOptions --debugger-agent=transport=dt_socket,embedding=1,server=y,suspend=n,address=127.0.0.1:56436
Begin MonoManager ReloadAssembly
Registering precompiled unity dll's ...
Register platform support module: C:/Program Files/Unity/Hub/Editor/2020.3.0f1/Editor/Data/PlaybackEngines/WindowsStandaloneSupport/UnityEditor.WindowsStandalone.Extensions.dll
Registered in 0.002260 seconds.
Native extension for WindowsStandalone target not found
Refreshing native plugins compatible for Editor in 27.25 ms, found 1 plugins.
Preloading 0 native plugins for Editor in 0.00 ms.
Invoked RoslynAnalysisRunner static constructor.
RoslynAnalysisRunner will not be running.
RoslynAnalysisRunner has terminated.
Mono: successfully reloaded assembly
- Completed reload, in  0.994 seconds
Platform modules already initialized, skipping
Registering precompiled user dll's ...
Registered in 0.001017 seconds.
Begin MonoManager ReloadAssembly
Native extension for WindowsStandalone target not found
Refreshing native plugins compatible for Editor in 0.39 ms, found 1 plugins.
Preloading 0 native plugins for Editor in 0.00 ms.
Invoked RoslynAnalysisRunner static constructor.
RoslynAnalysisRunner will not be running.
RoslynAnalysisRunner has terminated.
Mono: successfully reloaded assembly
- Completed reload, in  0.747 seconds
Platform modules already initialized, skipping
========================================================================
Worker process is ready to serve import requests
Launched and connected shader compiler UnityShaderCompiler.exe after 0.04 seconds
Refreshing native plugins compatible for Editor in 0.52 ms, found 1 plugins.
Preloading 0 native plugins for Editor in 0.00 ms.
Unloading 1413 Unused Serialized files (Serialized files now loaded: 0)
System memory in use before: 66.7 MB.
System memory in use after: 66.8 MB.

Unloading 12 unused Assets to reduce memory usage. Loaded Objects now: 1855.
Total: 1.718500 ms (FindLiveObjects: 0.223500 ms CreateObjectMapping: 0.035700 ms MarkObjects: 1.380800 ms  DeleteObjects: 0.077700 ms)

========================================================================
Received Import Request.
  path: Assets/Plugins/LeapMotion
  artifactKey: Guid(93442cd8117ad814e9cfcd3e35e93146) Importer(815301076,1909f56bfc062723c751e8b465ee728b)
Start importing Assets/Plugins/LeapMotion using Guid(93442cd8117ad814e9cfcd3e35e93146) Importer(815301076,1909f56bfc062723c751e8b465ee728b)  -> (artifact id: 'dedf0bf778837d00897a0e454dcd5165') in 0.005089 seconds
  Import took 0.007619 seconds .

========================================================================
Received Import Request.
  Time since last request: 0.000304 seconds.
  path: Assets/Plugins
  artifactKey: Guid(2cbef845b21d96245840d037c2d2fea8) Importer(815301076,1909f56bfc062723c751e8b465ee728b)
Start importing Assets/Plugins using Guid(2cbef845b21d96245840d037c2d2fea8) Importer(815301076,1909f56bfc062723c751e8b465ee728b)  -> (artifact id: 'c2b65d92cc1fabfdebe3f5e9a2fcfe7e') in 0.002136 seconds
  Import took 0.004529 seconds .

========================================================================
Received Import Request.
  Time since last request: 0.000269 seconds.
  path: Assets/Plugins/LeapMotion/Core
  artifactKey: Guid(616ce399e70be2340912704b26358af2) Importer(815301076,1909f56bfc062723c751e8b465ee728b)
Start importing Assets/Plugins/LeapMotion/Core using Guid(616ce399e70be2340912704b26358af2) Importer(815301076,1909f56bfc062723c751e8b465ee728b)  -> (artifact id: 'e7fbcbd672b8d9b5c1516674f4abd464') in 0.002269 seconds
  Import took 0.004478 seconds .

========================================================================
Received Import Request.
  Time since last request: 0.751183 seconds.
  path: Assets/Plugins/LeapMotion/Core/Examples
  artifactKey: Guid(66ae45750ea52a54284fd31450ce6053) Importer(815301076,1909f56bfc062723c751e8b465ee728b)
Start importing Assets/Plugins/LeapMotion/Core/Examples using Guid(66ae45750ea52a54284fd31450ce6053) Importer(815301076,1909f56bfc062723c751e8b465ee728b)  -> (artifact id: 'b1975b08ba075c468e47d6316313b0ae') in 0.002641 seconds
  Import took 0.005373 seconds .

========================================================================
Received Import Request.
  Time since last request: 26.547996 seconds.
  path: Assets/Scenes
  artifactKey: Guid(516fd6e27cdae514db190718eb51d491) Importer(815301076,1909f56bfc062723c751e8b465ee728b)
Start importing Assets/Scenes using Guid(516fd6e27cdae514db190718eb51d491) Importer(815301076,1909f56bfc062723c751e8b465ee728b)  -> (artifact id: 'cf227875d8740cb8534c0c9553836faa') in 0.002273 seconds
  Import took 0.004572 seconds .

========================================================================
Received Import Request.
  Time since last request: 2.063709 seconds.
  path: Assets/Prefabs
  artifactKey: Guid(60f0a13e23054104088206072fd17e77) Importer(815301076,1909f56bfc062723c751e8b465ee728b)
Start importing Assets/Prefabs using Guid(60f0a13e23054104088206072fd17e77) Importer(815301076,1909f56bfc062723c751e8b465ee728b)  -> (artifact id: '623afee697fe9af6861a907feef00aa0') in 0.002133 seconds
  Import took 0.004249 seconds .

========================================================================
Received Import Request.
  Time since last request: 0.037570 seconds.
  path: Assets/Prefabs/Background.png
  artifactKey: Guid(71e99603150c5cb4689178860b0f2451) Importer(815301076,1909f56bfc062723c751e8b465ee728b)
Start importing Assets/Prefabs/Background.png using Guid(71e99603150c5cb4689178860b0f2451) Importer(815301076,1909f56bfc062723c751e8b465ee728b)  -> (artifact id: '5655c4b3635abb2cf6d076cdfdd2a5b0') in 0.100083 seconds
  Import took 0.102520 seconds .

========================================================================
Received Import Request.
  Time since last request: 0.000299 seconds.
  path: Assets/Prefabs/RayStart.prefab
  artifactKey: Guid(26ad3d78bf4234543b6a525bad12c70d) Importer(815301076,1909f56bfc062723c751e8b465ee728b)
Start importing Assets/Prefabs/RayStart.prefab using Guid(26ad3d78bf4234543b6a525bad12c70d) Importer(815301076,1909f56bfc062723c751e8b465ee728b)  -> (artifact id: 'f92661bb6620683bd87c4ee9a778f903') in 0.010311 seconds
  Import took 0.012496 seconds .

========================================================================
Received Import Request.
  Time since last request: 0.000242 seconds.
  path: Assets/Prefabs/sky-34536_1280 (1).png
  artifactKey: Guid(228759df9820667498d351577ffff352) Importer(815301076,1909f56bfc062723c751e8b465ee728b)
Start importing Assets/Prefabs/sky-34536_1280 (1).png using Guid(228759df9820667498d351577ffff352) Importer(815301076,1909f56bfc062723c751e8b465ee728b)  -> (artifact id: '96dce65289ed95c92a984b8ed0aeaf21') in 0.008607 seconds
  Import took 0.010708 seconds .

========================================================================
Received Import Request.
  Time since last request: 0.000273 seconds.
  path: Assets/Prefabs/Piece.prefab
  artifactKey: Guid(af4383798923b8446b523ca30ec1bbd2) Importer(815301076,1909f56bfc062723c751e8b465ee728b)
Start importing Assets/Prefabs/Piece.prefab using Guid(af4383798923b8446b523ca30ec1bbd2) Importer(815301076,1909f56bfc062723c751e8b465ee728b)  -> (artifact id: 'ce293084e29090894cb0c2a53ce25410') in 0.043533 seconds
  Import took 0.045979 seconds .

========================================================================
Received Import Request.
  Time since last request: 10.227489 seconds.
  path: Assets/Plugins/LeapMotion/Core/Examples/Capsule Hands (Desktop).unity
  artifactKey: Guid(e97e5c56326797c41be5a618cde4727a) Importer(815301076,1909f56bfc062723c751e8b465ee728b)
Start importing Assets/Plugins/LeapMotion/Core/Examples/Capsule Hands (Desktop).unity using Guid(e97e5c56326797c41be5a618cde4727a) Importer(815301076,1909f56bfc062723c751e8b465ee728b)  -> (artifact id: '3ad20c490a45f7e4c75c4babda512cfd') in 0.002486 seconds
  Import took 0.004940 seconds .

AssetImportWorkerClient::OnTransportError - code=2 error=End of file
